<?xml version="1.0" encoding="UTF-8"?>
<!-- Generated by org.testng.reporters.JUnitReportReporter -->
<testsuite skipped="0" hostname="DESKTOP-4918ART" name="com.edcast.loginpage.ForgotPasswordEdcastLogIn" tests="1" failures="0" timestamp="02 Apr 2019 05:01:48 GMT" time="12.375" errors="0">
  <testcase name="logInTest" time="12.375" classname="com.edcast.loginpage.ForgotPasswordEdcastLogIn"/>
</testsuite> <!-- com.edcast.loginpage.ForgotPasswordEdcastLogIn -->
