<?xml version="1.0" encoding="UTF-8"?>
<!-- Generated by org.testng.reporters.JUnitReportReporter -->
<testsuite name="com.herkuapp.theinternet.PositiveTests" tests="1" time="8.491" ignored="0" failures="0" timestamp="22 Jan 2019 02:10:27 GMT" skipped="0" hostname="DESKTOP-4918ART" errors="0">
  <testcase name="logInTest" time="8.491" classname="com.herkuapp.theinternet.PositiveTests"/>
</testsuite> <!-- com.herkuapp.theinternet.PositiveTests -->
