<?xml version="1.0" encoding="UTF-8"?>
<!-- Generated by org.testng.reporters.JUnitReportReporter -->
<testsuite skipped="0" hostname="DESKTOP-4918ART" name="com.edcast.PositiveTestsEdcast" tests="1" failures="0" timestamp="17 Mar 2019 19:35:36 GMT" time="13.614" errors="0">
  <testcase name="correctUserName" time="13.614" classname="com.edcast.PositiveTestsEdcast"/>
</testsuite> <!-- com.edcast.PositiveTestsEdcast -->
