<?xml version="1.0" encoding="UTF-8"?>
<!-- Generated by org.testng.reporters.JUnitReportReporter -->
<testsuite skipped="0" hostname="DESKTOP-4918ART" name="com.edcast.NegativeTestsEdcast" tests="1" failures="0" timestamp="02 Apr 2019 02:43:26 GMT" time="18.470" errors="0">
  <testcase name="incorrectUserName" time="18.470" classname="com.edcast.NegativeTestsEdcast"/>
</testsuite> <!-- com.edcast.NegativeTestsEdcast -->
