<?xml version="1.0" encoding="UTF-8"?>
<!-- Generated by org.testng.reporters.JUnitReportReporter -->
<testsuite skipped="0" hostname="DESKTOP-4918ART" name="com.edcast.ForgotPasswordEdcast" tests="1" failures="0" timestamp="21 Mar 2019 07:36:00 GMT" time="13.862" errors="0">
  <testcase name="logInTest" time="13.862" classname="com.edcast.ForgotPasswordEdcast"/>
</testsuite> <!-- com.edcast.ForgotPasswordEdcast -->
