<?xml version="1.0" encoding="UTF-8"?>
<!-- Generated by org.testng.reporters.JUnitReportReporter -->
<testsuite skipped="0" hostname="DESKTOP-4918ART" name="com.edcast.ForgotPasswordEdcast" tests="1" failures="0" timestamp="19 Mar 2019 06:48:44 GMT" time="19.030" errors="0">
  <testcase name="logInTest" time="19.030" classname="com.edcast.ForgotPasswordEdcast"/>
</testsuite> <!-- com.edcast.ForgotPasswordEdcast -->
