<?xml version="1.0" encoding="UTF-8"?>
<!-- Generated by org.testng.reporters.JUnitReportReporter -->
<testsuite skipped="0" hostname="DESKTOP-4918ART" name="com.edcast.NegativeTestsEdcast" tests="1" failures="0" timestamp="17 Mar 2019 19:32:42 GMT" time="14.394" errors="0">
  <testcase name="incorrectUserName" time="14.394" classname="com.edcast.NegativeTestsEdcast"/>
</testsuite> <!-- com.edcast.NegativeTestsEdcast -->
