<?xml version="1.0" encoding="UTF-8"?>
<!-- Generated by org.testng.reporters.JUnitReportReporter -->
<testsuite name="com.herkuapp.theinternet.NegativeTests" tests="2" time="14.557" ignored="0" failures="0" timestamp="22 Jan 2019 02:10:27 GMT" skipped="0" hostname="DESKTOP-4918ART" errors="0">
  <testcase name="incorrectPassword" time="6.929" classname="com.herkuapp.theinternet.NegativeTests"/>
  <testcase name="incorrectUserName" time="7.628" classname="com.herkuapp.theinternet.NegativeTests"/>
</testsuite> <!-- com.herkuapp.theinternet.NegativeTests -->
