<?xml version="1.0" encoding="UTF-8"?>
<!-- Generated by org.testng.reporters.JUnitReportReporter -->
<testsuite skipped="0" hostname="DESKTOP-4918ART" name="com.edcast.loginpage.PositiveTestsEdcastLogIn" tests="1" failures="0" timestamp="02 Apr 2019 05:01:48 GMT" time="12.122" errors="0">
  <testcase name="correctUserName" time="12.122" classname="com.edcast.loginpage.PositiveTestsEdcastLogIn"/>
</testsuite> <!-- com.edcast.loginpage.PositiveTestsEdcastLogIn -->
