<?xml version="1.0" encoding="UTF-8"?>
<!-- Generated by org.testng.reporters.JUnitReportReporter -->
<testsuite skipped="0" hostname="DESKTOP-4918ART" name="com.edcast.loginpage.ForgotPasswordEdcast" tests="1" failures="0" timestamp="02 Apr 2019 03:03:30 GMT" time="19.732" errors="0">
  <testcase name="logInTest" time="19.732" classname="com.edcast.loginpage.ForgotPasswordEdcast"/>
</testsuite> <!-- com.edcast.loginpage.ForgotPasswordEdcast -->
