<?xml version="1.0" encoding="UTF-8"?>
<!-- Generated by org.testng.reporters.JUnitReportReporter -->
<testsuite skipped="0" hostname="DESKTOP-4918ART" name="com.edcast.PositiveTestsEdcast" tests="1" failures="0" timestamp="19 Mar 2019 06:48:44 GMT" time="15.983" errors="0">
  <testcase name="correctUserName" time="15.983" classname="com.edcast.PositiveTestsEdcast"/>
</testsuite> <!-- com.edcast.PositiveTestsEdcast -->
