<?xml version="1.0" encoding="UTF-8"?>
<!-- Generated by org.testng.reporters.JUnitReportReporter -->
<testsuite skipped="0" hostname="DESKTOP-4918ART" name="com.edcast.NegativeTestsEdcast" tests="1" failures="0" timestamp="17 Mar 2019 20:06:04 GMT" time="17.734" errors="0">
  <testcase name="incorrectUserName" time="17.734" classname="com.edcast.NegativeTestsEdcast"/>
</testsuite> <!-- com.edcast.NegativeTestsEdcast -->
