<?xml version="1.0" encoding="UTF-8"?>
<!-- Generated by org.testng.reporters.JUnitReportReporter -->
<testsuite skipped="0" hostname="DESKTOP-4918ART" name="com.edcast.NegativeTestsEdcast" tests="1" failures="0" timestamp="21 Mar 2019 07:34:16 GMT" time="15.581" errors="0">
  <testcase name="incorrectUserName" time="15.581" classname="com.edcast.NegativeTestsEdcast"/>
</testsuite> <!-- com.edcast.NegativeTestsEdcast -->
